<?xml version="1.0" encoding="UTF-8"?>
<!-- Generated by org.testng.reporters.JUnitXMLReporter -->
<testsuite hostname="ADMIN-PC" ignored="0" name="AutomationPractice" tests="6" failures="0" timestamp="11 Sep 2020 17:23:29 GMT" time="186.439" errors="0">
  <testcase name="loginPageTitleTest" time="0.041" classname="com.ap.qa.testcases.LoginTest"/>
  <testcase name="verifyHomePageTitleTest" time="0.061" classname="com.ap.qa.testcases.HomePageTest"/>
  <testcase name="verifyAddToCartButtonTest" time="8.408" classname="com.ap.qa.testcases.AddToCartPageTest"/>
  <testcase name="verifyProductNameTest" time="0.173" classname="com.ap.qa.testcases.OrderPageTest"/>
  <testcase name="loginTest" time="9.069" classname="com.ap.qa.testcases.LoginTest"/>
  <testcase name="verifytshirtLinkTest" time="15.332" classname="com.ap.qa.testcases.HomePageTest"/>
</testsuite> <!-- AutomationPractice -->
